<?xml version="1.0" encoding="UTF-8"?>
<!-- Generated by org.testng.reporters.JUnitReportReporter -->
<testsuite hostname="Kamalrajs-MacBook.local" failures="0" tests="1" name="com.qa.test.InvestecApiTest" time="1.995" errors="0" timestamp="2022-09-25T22:13:56 SAST" skipped="0">
  <testcase classname="com.qa.test.InvestecApiTest" name="getApiTest" time="1.995"/>
  <system-out/>
</testsuite> <!-- com.qa.test.InvestecApiTest -->
