<?xml version="1.0" encoding="UTF-8"?>
<!-- Generated by org.testng.reporters.JUnitReportReporter -->
<testsuite hostname="Kamalrajs-MacBook.local" failures="0" tests="1" name="com.qa.test.InvestecApiTest" time="2.693" errors="1" timestamp="2022-09-25T19:58:18 SAST" skipped="0">
  <testcase classname="com.qa.test.InvestecApiTest" name="getApiTest" time="2.693">
    <error message="Expected to find an object with property [&#039;results&#039;] in path $ but found &#039;org.json.JSONObject&#039;. This is not a json object according to the JsonProvider: &#039;com.jayway.jsonpath.spi.json.JsonSmartJsonProvider&#039;." type="com.jayway.jsonpath.PathNotFoundException">
      <![CDATA[com.jayway.jsonpath.PathNotFoundException: Expected to find an object with property ['results'] in path $ but found 'org.json.JSONObject'. This is not a json object according to the JsonProvider: 'com.jayway.jsonpath.spi.json.JsonSmartJsonProvider'.
]]>
    </error>
  </testcase> <!-- getApiTest -->
  <system-out/>
</testsuite> <!-- com.qa.test.InvestecApiTest -->
